d:\shuhang\mydocs\中国象棋\中国象棋\chinesechess\x64\debug\vc143.pdb
d:\shuhang\mydocs\中国象棋\中国象棋\chinesechess\x64\debug\vc143.idb
d:\shuhang\mydocs\中国象棋\中国象棋\chinesechess\x64\debug\main.obj
d:\shuhang\mydocs\中国象棋\中国象棋\chinesechess\x64\debug\gamescene.obj
d:\shuhang\mydocs\中国象棋\中国象棋\chinesechess\x64\debug\resmanager.obj
d:\shuhang\mydocs\中国象棋\中国象棋\chinesechess\x64\debug\gui.obj
d:\shuhang\mydocs\中国象棋\中国象棋\chinesechess\x64\debug\geometry.obj
d:\shuhang\mydocs\中国象棋\中国象棋\chinesechess\x64\debug\gameobject.obj
d:\shuhang\mydocs\中国象棋\中国象棋\chinesechess\x64\debug\elapsedtimer.obj
d:\shuhang\mydocs\中国象棋\中国象棋\chinesechess\x64\debug\application.obj
d:\shuhang\mydocs\中国象棋\中国象棋\chinesechess\x64\debug\chessobj.obj
d:\shuhang\mydocs\中国象棋\中国象棋\x64\debug\chinesechess.exe
d:\shuhang\mydocs\中国象棋\中国象棋\x64\debug\chinesechess.pdb
d:\shuhang\mydocs\中国象棋\中国象棋\chinesechess\x64\debug\chinesechess.ilk
d:\shuhang\mydocs\中国象棋\中国象棋\chinesechess\x64\debug\gamescene.obj.enc
d:\shuhang\mydocs\中国象棋\中国象棋\chinesechess\x64\debug\main.obj.enc
d:\shuhang\mydocs\中国象棋\中国象棋\chinesechess\x64\debug\chinesechess.tlog\cl.command.1.tlog
d:\shuhang\mydocs\中国象棋\中国象棋\chinesechess\x64\debug\chinesechess.tlog\cl.items.tlog
d:\shuhang\mydocs\中国象棋\中国象棋\chinesechess\x64\debug\chinesechess.tlog\cl.read.1.tlog
d:\shuhang\mydocs\中国象棋\中国象棋\chinesechess\x64\debug\chinesechess.tlog\cl.write.1.tlog
d:\shuhang\mydocs\中国象棋\中国象棋\chinesechess\x64\debug\chinesechess.tlog\link.command.1.tlog
d:\shuhang\mydocs\中国象棋\中国象棋\chinesechess\x64\debug\chinesechess.tlog\link.read.1.tlog
d:\shuhang\mydocs\中国象棋\中国象棋\chinesechess\x64\debug\chinesechess.tlog\link.secondary.1.tlog
d:\shuhang\mydocs\中国象棋\中国象棋\chinesechess\x64\debug\chinesechess.tlog\link.write.1.tlog
